2022-01-17T12:51:37,606 - CPUUtilization.Percent:0.0|#Level:Host|#hostname:MacBook-Pro-tilhrende-August.local,timestamp:1642420297
2022-01-17T12:51:37,609 - DiskAvailable.Gigabytes:361.36291885375977|#Level:Host|#hostname:MacBook-Pro-tilhrende-August.local,timestamp:1642420297
2022-01-17T12:51:37,616 - DiskUsage.Gigabytes:99.06880187988281|#Level:Host|#hostname:MacBook-Pro-tilhrende-August.local,timestamp:1642420297
2022-01-17T12:51:37,618 - DiskUtilization.Percent:21.5|#Level:Host|#hostname:MacBook-Pro-tilhrende-August.local,timestamp:1642420297
2022-01-17T12:51:37,621 - MemoryAvailable.Megabytes:1946.15625|#Level:Host|#hostname:MacBook-Pro-tilhrende-August.local,timestamp:1642420297
2022-01-17T12:51:37,621 - MemoryUsed.Megabytes:2009.67578125|#Level:Host|#hostname:MacBook-Pro-tilhrende-August.local,timestamp:1642420297
2022-01-17T12:51:37,622 - MemoryUtilization.Percent:88.1|#Level:Host|#hostname:MacBook-Pro-tilhrende-August.local,timestamp:1642420297
2022-01-17T12:52:37,653 - CPUUtilization.Percent:0.0|#Level:Host|#hostname:MacBook-Pro-tilhrende-August.local,timestamp:1642420357
2022-01-17T12:52:37,654 - DiskAvailable.Gigabytes:361.36020278930664|#Level:Host|#hostname:MacBook-Pro-tilhrende-August.local,timestamp:1642420357
2022-01-17T12:52:37,654 - DiskUsage.Gigabytes:99.07151794433594|#Level:Host|#hostname:MacBook-Pro-tilhrende-August.local,timestamp:1642420357
2022-01-17T12:52:37,654 - DiskUtilization.Percent:21.5|#Level:Host|#hostname:MacBook-Pro-tilhrende-August.local,timestamp:1642420357
2022-01-17T12:52:37,657 - MemoryAvailable.Megabytes:1980.9453125|#Level:Host|#hostname:MacBook-Pro-tilhrende-August.local,timestamp:1642420357
2022-01-17T12:52:37,658 - MemoryUsed.Megabytes:1974.88671875|#Level:Host|#hostname:MacBook-Pro-tilhrende-August.local,timestamp:1642420357
2022-01-17T12:52:37,658 - MemoryUtilization.Percent:87.9|#Level:Host|#hostname:MacBook-Pro-tilhrende-August.local,timestamp:1642420357
2022-01-17T13:22:22,055 - CPUUtilization.Percent:0.0|#Level:Host|#hostname:MacBook-Pro-tilhrende-August.local,timestamp:1642422142
2022-01-17T13:22:22,067 - DiskAvailable.Gigabytes:361.26013946533203|#Level:Host|#hostname:MacBook-Pro-tilhrende-August.local,timestamp:1642422142
2022-01-17T13:22:22,075 - DiskUsage.Gigabytes:99.17158126831055|#Level:Host|#hostname:MacBook-Pro-tilhrende-August.local,timestamp:1642422142
2022-01-17T13:22:22,082 - DiskUtilization.Percent:21.5|#Level:Host|#hostname:MacBook-Pro-tilhrende-August.local,timestamp:1642422142
2022-01-17T13:22:22,082 - MemoryAvailable.Megabytes:1903.83203125|#Level:Host|#hostname:MacBook-Pro-tilhrende-August.local,timestamp:1642422142
2022-01-17T13:22:22,082 - MemoryUsed.Megabytes:1910.39453125|#Level:Host|#hostname:MacBook-Pro-tilhrende-August.local,timestamp:1642422142
2022-01-17T13:22:22,083 - MemoryUtilization.Percent:88.4|#Level:Host|#hostname:MacBook-Pro-tilhrende-August.local,timestamp:1642422142
2022-01-17T13:22:24,989 - W-9006-resnet18_1.0.ms:3766|#Level:Host|#hostname:MacBook-Pro-tilhrende-August.local,timestamp:1642422144
2022-01-17T13:22:24,994 - WorkerThreadTime.ms:69|#Level:Host|#hostname:MacBook-Pro-tilhrende-August.local,timestamp:null
2022-01-17T13:22:25,015 - W-9002-resnet18_1.0.ms:3796|#Level:Host|#hostname:MacBook-Pro-tilhrende-August.local,timestamp:1642422145
2022-01-17T13:22:25,016 - WorkerThreadTime.ms:59|#Level:Host|#hostname:MacBook-Pro-tilhrende-August.local,timestamp:null
2022-01-17T13:22:25,086 - W-9007-resnet18_1.0.ms:3863|#Level:Host|#hostname:MacBook-Pro-tilhrende-August.local,timestamp:1642422145
2022-01-17T13:22:25,087 - WorkerThreadTime.ms:60|#Level:Host|#hostname:MacBook-Pro-tilhrende-August.local,timestamp:null
2022-01-17T13:22:25,089 - W-9001-resnet18_1.0.ms:3872|#Level:Host|#hostname:MacBook-Pro-tilhrende-August.local,timestamp:1642422145
2022-01-17T13:22:25,090 - WorkerThreadTime.ms:60|#Level:Host|#hostname:MacBook-Pro-tilhrende-August.local,timestamp:null
2022-01-17T13:22:25,097 - W-9003-resnet18_1.0.ms:3877|#Level:Host|#hostname:MacBook-Pro-tilhrende-August.local,timestamp:1642422145
2022-01-17T13:22:25,098 - WorkerThreadTime.ms:61|#Level:Host|#hostname:MacBook-Pro-tilhrende-August.local,timestamp:null
2022-01-17T13:22:25,120 - W-9000-resnet18_1.0.ms:3904|#Level:Host|#hostname:MacBook-Pro-tilhrende-August.local,timestamp:1642422145
2022-01-17T13:22:25,120 - WorkerThreadTime.ms:58|#Level:Host|#hostname:MacBook-Pro-tilhrende-August.local,timestamp:null
2022-01-17T13:22:25,132 - W-9005-resnet18_1.0.ms:3909|#Level:Host|#hostname:MacBook-Pro-tilhrende-August.local,timestamp:1642422145
2022-01-17T13:22:25,133 - WorkerThreadTime.ms:62|#Level:Host|#hostname:MacBook-Pro-tilhrende-August.local,timestamp:null
2022-01-17T13:22:25,133 - W-9004-resnet18_1.0.ms:3911|#Level:Host|#hostname:MacBook-Pro-tilhrende-August.local,timestamp:1642422145
2022-01-17T13:22:25,134 - WorkerThreadTime.ms:61|#Level:Host|#hostname:MacBook-Pro-tilhrende-August.local,timestamp:null
2022-01-17T13:23:11,839 - Requests2XX.Count:1|#Level:Host|#hostname:MacBook-Pro-tilhrende-August.local,timestamp:null
2022-01-17T13:23:11,839 - QueueTime.ms:0|#Level:Host|#hostname:MacBook-Pro-tilhrende-August.local,timestamp:null
2022-01-17T13:23:11,839 - WorkerThreadTime.ms:6|#Level:Host|#hostname:MacBook-Pro-tilhrende-August.local,timestamp:null
2022-01-17T13:23:22,078 - CPUUtilization.Percent:0.0|#Level:Host|#hostname:MacBook-Pro-tilhrende-August.local,timestamp:1642422202
2022-01-17T13:23:22,079 - DiskAvailable.Gigabytes:361.2618179321289|#Level:Host|#hostname:MacBook-Pro-tilhrende-August.local,timestamp:1642422202
2022-01-17T13:23:22,079 - DiskUsage.Gigabytes:99.16990280151367|#Level:Host|#hostname:MacBook-Pro-tilhrende-August.local,timestamp:1642422202
2022-01-17T13:23:22,079 - DiskUtilization.Percent:21.5|#Level:Host|#hostname:MacBook-Pro-tilhrende-August.local,timestamp:1642422202
2022-01-17T13:23:22,079 - MemoryAvailable.Megabytes:1729.7890625|#Level:Host|#hostname:MacBook-Pro-tilhrende-August.local,timestamp:1642422202
2022-01-17T13:23:22,079 - MemoryUsed.Megabytes:2078.0078125|#Level:Host|#hostname:MacBook-Pro-tilhrende-August.local,timestamp:1642422202
2022-01-17T13:23:22,079 - MemoryUtilization.Percent:89.4|#Level:Host|#hostname:MacBook-Pro-tilhrende-August.local,timestamp:1642422202
2022-01-17T13:24:22,071 - CPUUtilization.Percent:0.0|#Level:Host|#hostname:MacBook-Pro-tilhrende-August.local,timestamp:1642422262
2022-01-17T13:24:22,072 - DiskAvailable.Gigabytes:361.2656135559082|#Level:Host|#hostname:MacBook-Pro-tilhrende-August.local,timestamp:1642422262
2022-01-17T13:24:22,072 - DiskUsage.Gigabytes:99.16610717773438|#Level:Host|#hostname:MacBook-Pro-tilhrende-August.local,timestamp:1642422262
2022-01-17T13:24:22,072 - DiskUtilization.Percent:21.5|#Level:Host|#hostname:MacBook-Pro-tilhrende-August.local,timestamp:1642422262
2022-01-17T13:24:22,072 - MemoryAvailable.Megabytes:1741.640625|#Level:Host|#hostname:MacBook-Pro-tilhrende-August.local,timestamp:1642422262
2022-01-17T13:24:22,072 - MemoryUsed.Megabytes:2066.03515625|#Level:Host|#hostname:MacBook-Pro-tilhrende-August.local,timestamp:1642422262
2022-01-17T13:24:22,072 - MemoryUtilization.Percent:89.4|#Level:Host|#hostname:MacBook-Pro-tilhrende-August.local,timestamp:1642422262
2022-01-17T13:25:22,071 - CPUUtilization.Percent:0.0|#Level:Host|#hostname:MacBook-Pro-tilhrende-August.local,timestamp:1642422322
2022-01-17T13:25:22,071 - DiskAvailable.Gigabytes:361.2648124694824|#Level:Host|#hostname:MacBook-Pro-tilhrende-August.local,timestamp:1642422322
2022-01-17T13:25:22,071 - DiskUsage.Gigabytes:99.16690826416016|#Level:Host|#hostname:MacBook-Pro-tilhrende-August.local,timestamp:1642422322
2022-01-17T13:25:22,071 - DiskUtilization.Percent:21.5|#Level:Host|#hostname:MacBook-Pro-tilhrende-August.local,timestamp:1642422322
2022-01-17T13:25:22,071 - MemoryAvailable.Megabytes:1729.2890625|#Level:Host|#hostname:MacBook-Pro-tilhrende-August.local,timestamp:1642422322
2022-01-17T13:25:22,072 - MemoryUsed.Megabytes:2079.0859375|#Level:Host|#hostname:MacBook-Pro-tilhrende-August.local,timestamp:1642422322
2022-01-17T13:25:22,072 - MemoryUtilization.Percent:89.4|#Level:Host|#hostname:MacBook-Pro-tilhrende-August.local,timestamp:1642422322
